<?xml version="1.0" encoding="UTF-8"?>
<testsuite name="all.StarwarPersonTests" tests="1" skipped="0" failures="0" errors="0" timestamp="2019-11-30T12:18:02" hostname="MACs-MacBook-Pro.local" time="4.61">
  <properties/>
  <testcase name="getPeopleTest" classname="all.StarwarPersonTests" time="4.61"/>
  <system-out><![CDATA[]]></system-out>
  <system-err><![CDATA[]]></system-err>
</testsuite>
