<?xml version="1.0" encoding="UTF-8"?>
<testsuite name="all.StarwarPersonTests" tests="2" skipped="0" failures="0" errors="0" timestamp="2019-12-04T08:10:15" hostname="MACs-MacBook-Pro.local" time="21.166">
  <properties/>
  <testcase name="getPeopleAsJson" classname="all.StarwarPersonTests" time="7.833"/>
  <testcase name="getPeopleTest" classname="all.StarwarPersonTests" time="6.476"/>
  <system-out><![CDATA[]]></system-out>
  <system-err><![CDATA[]]></system-err>
</testsuite>
