<?xml version="1.0" encoding="UTF-8"?>
<!-- Generated by org.testng.reporters.JUnitReportReporter -->
<testsuite skipped="0" hostname="MACs-MacBook-Pro.local" name="all.StarwarPersonTests" tests="2" failures="0" timestamp="2019-12-04T11:06:47 IST" time="12.515" errors="0">
  <testcase name="getPeopleAsJson" time="6.528" classname="all.StarwarPersonTests"/>
  <testcase name="getPeopleTest" time="5.987" classname="all.StarwarPersonTests"/>
</testsuite> <!-- all.StarwarPersonTests -->
